<?xml version="1.0" encoding="UTF-8"?>
<!-- Generated by org.testng.reporters.JUnitReportReporter -->
<testsuite hostname="LAPTOP-GAN1EGRH" failures="0" tests="1" name="Academy.E2EProject.ValidateNavigationBar" time="0.454" errors="0" timestamp="2022-02-04T17:28:59 EST" skipped="0">
  <testcase classname="Academy.E2EProject.ValidateNavigationBar" name="basePageNavigation" time="0.454"/>
  <system-out/>
</testsuite> <!-- Academy.E2EProject.ValidateNavigationBar -->
