<?xml version="1.0" encoding="UTF-8"?>
<!-- Generated by org.testng.reporters.JUnitReportReporter -->
<testsuite hostname="LAPTOP-GAN1EGRH" failures="0" tests="2" name="Academy.E2EProject.HomePage" time="19.962" errors="0" timestamp="2022-02-04T17:28:59 EST" skipped="0">
  <testcase classname="Academy.E2EProject.HomePage" name="basePageNavigation" time="9.717"/>
  <system-out/>
  <testcase classname="Academy.E2EProject.HomePage" name="basePageNavigation" time="10.245"/>
  <system-out/>
</testsuite> <!-- Academy.E2EProject.HomePage -->
