<?xml version="1.0" encoding="UTF-8"?>
<!-- Generated by org.testng.reporters.JUnitReportReporter -->
<testsuite hostname="LAPTOP-GAN1EGRH" failures="0" tests="2" name="CucumberOptions.TestRunner" time="26.747" errors="0" timestamp="2022-02-19T19:23:11 EST" skipped="0">
  <testcase classname="CucumberOptions.TestRunner" name="runScenario" time="14.067"/>
  <system-out/>
  <testcase classname="CucumberOptions.TestRunner" name="runScenario" time="12.680"/>
  <system-out/>
</testsuite> <!-- CucumberOptions.TestRunner -->
