<?xml version="1.0" encoding="UTF-8"?>
<!-- Generated by org.testng.reporters.JUnitReportReporter -->
<testsuite skipped="0" hostname="LAPTOP-GAN1EGRH" name="Academy.E2EProject.ValidateNavigationBar" tests="1" failures="0" timestamp="2022-02-04T16:48:25 EST" time="0.140" errors="0">
  <testcase name="basePageNavigation" time="0.140" classname="Academy.E2EProject.ValidateNavigationBar"/>
  <system-out/>
</testsuite> <!-- Academy.E2EProject.ValidateNavigationBar -->
