<?xml version="1.0" encoding="UTF-8"?>
<!-- Generated by org.testng.reporters.JUnitReportReporter -->
<testsuite skipped="0" hostname="LAPTOP-GAN1EGRH" name="Academy.E2EProject.HomePage" tests="2" failures="0" timestamp="2022-02-04T16:48:25 EST" time="17.394" errors="0">
  <testcase name="basePageNavigation" time="8.375" classname="Academy.E2EProject.HomePage"/>
  <system-out/>
  <testcase name="basePageNavigation" time="9.019" classname="Academy.E2EProject.HomePage"/>
  <system-out/>
</testsuite> <!-- Academy.E2EProject.HomePage -->
